<?xml version="1.0" encoding="UTF-8"?>
<robot generator="Robot 3.2.2 (Python 3.9.0 on win32)" generated="20201207 15:57:04.767" rpa="false">
<suite id="s1" name="Rf Test Cases" source="C:\Users\oliver.uhlar\Desktop\Projects\plotly_graphs\rf_test_cases.robot">
<test id="s1-t1" name="Graph temperature BB">
<kw name="Run Process" library="Process">
<doc>Runs a process and waits for it to complete.</doc>
<arguments>
<arg>C:\\Users\\oliver.uhlar\\Desktop\\Projects\\plotly_graphs\\venv\\Scripts\\python.exe</arg>
<arg>temperature_lch.py</arg>
<arg>runserver</arg>
</arguments>
<assign>
<var>${result}</var>
</assign>
<msg timestamp="20201207 15:57:04.820" level="INFO">Starting process:
C:\Users\oliver.uhlar\Desktop\Projects\plotly_graphs\venv\Scripts\python.exe temperature_lch.py runserver</msg>
<msg timestamp="20201207 15:57:04.822" level="INFO">Waiting for process to complete.</msg>
<msg timestamp="20201207 15:57:05.503" level="INFO">Process completed.</msg>
<msg timestamp="20201207 15:57:05.504" level="INFO">${result} = &lt;result object with rc 0&gt;</msg>
<status status="PASS" starttime="20201207 15:57:04.820" endtime="20201207 15:57:05.505"></status>
</kw>
<kw name="Should Be Empty" library="BuiltIn">
<doc>Verifies that the given item is empty.</doc>
<arguments>
<arg>${result.stderr}</arg>
<arg>msg=${result.stderr}</arg>
</arguments>
<msg timestamp="20201207 15:57:05.511" level="INFO">Length is 0</msg>
<status status="PASS" starttime="20201207 15:57:05.508" endtime="20201207 15:57:05.511"></status>
</kw>
<kw name="Log" library="BuiltIn">
<doc>Logs the given message with the given level.</doc>
<arguments>
<arg>${result.stdout}</arg>
</arguments>
<msg timestamp="20201207 15:57:05.513" level="INFO"></msg>
<status status="PASS" starttime="20201207 15:57:05.512" endtime="20201207 15:57:05.513"></status>
</kw>
<status status="PASS" starttime="20201207 15:57:04.819" endtime="20201207 15:57:05.514" critical="yes"></status>
</test>
<test id="s1-t2" name="Graph networkx">
<kw name="Run Process" library="Process">
<doc>Runs a process and waits for it to complete.</doc>
<arguments>
<arg>C:\\Users\\oliver.uhlar\\Desktop\\Projects\\plotly_graphs\\venv\\Scripts\\python.exe</arg>
<arg>networkx_plo.py</arg>
<arg>runserver</arg>
</arguments>
<assign>
<var>${result}</var>
</assign>
<msg timestamp="20201207 15:57:05.516" level="INFO">Starting process:
C:\Users\oliver.uhlar\Desktop\Projects\plotly_graphs\venv\Scripts\python.exe networkx_plo.py runserver</msg>
<msg timestamp="20201207 15:57:05.520" level="INFO">Waiting for process to complete.</msg>
<msg timestamp="20201207 15:57:07.220" level="INFO">Process completed.</msg>
<msg timestamp="20201207 15:57:07.221" level="INFO">${result} = &lt;result object with rc 0&gt;</msg>
<status status="PASS" starttime="20201207 15:57:05.515" endtime="20201207 15:57:07.221"></status>
</kw>
<kw name="Should Be Empty" library="BuiltIn">
<doc>Verifies that the given item is empty.</doc>
<arguments>
<arg>${result.stderr}</arg>
<arg>msg=${result.stderr}</arg>
</arguments>
<msg timestamp="20201207 15:57:07.223" level="INFO">Length is 0</msg>
<status status="PASS" starttime="20201207 15:57:07.222" endtime="20201207 15:57:07.223"></status>
</kw>
<kw name="Log" library="BuiltIn">
<doc>Logs the given message with the given level.</doc>
<arguments>
<arg>${result.stdout}</arg>
</arguments>
<msg timestamp="20201207 15:57:07.225" level="INFO"></msg>
<status status="PASS" starttime="20201207 15:57:07.224" endtime="20201207 15:57:07.225"></status>
</kw>
<status status="PASS" starttime="20201207 15:57:05.515" endtime="20201207 15:57:07.225" critical="yes"></status>
</test>
<kw name="Close graphs" type="teardown">
<msg timestamp="20201207 15:57:07.241" level="FAIL">No keyword with name 'Close graphs' found.</msg>
<status status="FAIL" starttime="20201207 15:57:07.241" endtime="20201207 15:57:07.241">No keyword with name 'Close graphs' found.</status>
</kw>
<status status="FAIL" starttime="20201207 15:57:04.771" endtime="20201207 15:57:07.242">Suite teardown failed:
No keyword with name 'Close graphs' found.</status>
</suite>
<statistics>
<total>
<stat pass="0" fail="2">Critical Tests</stat>
<stat pass="0" fail="2">All Tests</stat>
</total>
<tag>
</tag>
<suite>
<stat pass="0" fail="2" id="s1" name="Rf Test Cases">Rf Test Cases</stat>
</suite>
</statistics>
<errors>
</errors>
</robot>
