<?xml version="1.0" encoding="UTF-8"?>
<robot generator="Robot 3.2.2 (Python 3.9.0 on win32)" generated="20201218 18:58:57.964" rpa="false">
<suite id="s1" name="Rf Test Cases" source="C:\Users\oliver.uhlar\Desktop\Projects\plotly_graphs\rf_test_cases.robot">
<test id="s1-t1" name="Graph temperature BB">
<kw name="Run Process" library="Process">
<doc>Runs a process and waits for it to complete.</doc>
<arguments>
<arg>C:\\Users\\oliver.uhlar\\Desktop\\Projects\\plotly_graphs\\venv\\Scripts\\python.exe</arg>
<arg>temperature_lch.py</arg>
<arg>runserver</arg>
</arguments>
<assign>
<var>${result}</var>
</assign>
<msg timestamp="20201218 18:58:57.996" level="INFO">Starting process:
C:\Users\oliver.uhlar\Desktop\Projects\plotly_graphs\venv\Scripts\python.exe temperature_lch.py runserver</msg>
<msg timestamp="20201218 18:58:57.999" level="INFO">Waiting for process to complete.</msg>
<msg timestamp="20201218 18:58:58.598" level="INFO">Process completed.</msg>
<msg timestamp="20201218 18:58:58.599" level="INFO">${result} = &lt;result object with rc 0&gt;</msg>
<status status="PASS" starttime="20201218 18:58:57.996" endtime="20201218 18:58:58.599"></status>
</kw>
<kw name="Should Be Empty" library="BuiltIn">
<doc>Verifies that the given item is empty.</doc>
<arguments>
<arg>${result.stderr}</arg>
<arg>msg=${result.stderr}</arg>
</arguments>
<msg timestamp="20201218 18:58:58.601" level="INFO">Length is 0</msg>
<status status="PASS" starttime="20201218 18:58:58.600" endtime="20201218 18:58:58.601"></status>
</kw>
<kw name="Log" library="BuiltIn">
<doc>Logs the given message with the given level.</doc>
<arguments>
<arg>${result.stdout}</arg>
</arguments>
<msg timestamp="20201218 18:58:58.602" level="INFO"></msg>
<status status="PASS" starttime="20201218 18:58:58.601" endtime="20201218 18:58:58.602"></status>
</kw>
<status status="PASS" starttime="20201218 18:58:57.995" endtime="20201218 18:58:58.603" critical="yes"></status>
</test>
<test id="s1-t2" name="Graph networkx">
<kw name="Run Process" library="Process">
<doc>Runs a process and waits for it to complete.</doc>
<arguments>
<arg>C:\\Users\\oliver.uhlar\\Desktop\\Projects\\plotly_graphs\\venv\\Scripts\\python.exe</arg>
<arg>networkx_plo.py</arg>
<arg>runserver</arg>
</arguments>
<assign>
<var>${result}</var>
</assign>
<msg timestamp="20201218 18:58:58.617" level="INFO">Starting process:
C:\Users\oliver.uhlar\Desktop\Projects\plotly_graphs\venv\Scripts\python.exe networkx_plo.py runserver</msg>
<msg timestamp="20201218 18:58:58.623" level="INFO">Waiting for process to complete.</msg>
<msg timestamp="20201218 18:59:00.062" level="INFO">Process completed.</msg>
<msg timestamp="20201218 18:59:00.062" level="INFO">${result} = &lt;result object with rc 0&gt;</msg>
<status status="PASS" starttime="20201218 18:58:58.617" endtime="20201218 18:59:00.062"></status>
</kw>
<kw name="Should Be Empty" library="BuiltIn">
<doc>Verifies that the given item is empty.</doc>
<arguments>
<arg>${result.stderr}</arg>
<arg>msg=${result.stderr}</arg>
</arguments>
<msg timestamp="20201218 18:59:00.063" level="INFO">Length is 0</msg>
<status status="PASS" starttime="20201218 18:59:00.063" endtime="20201218 18:59:00.063"></status>
</kw>
<kw name="Log" library="BuiltIn">
<doc>Logs the given message with the given level.</doc>
<arguments>
<arg>${result.stdout}</arg>
</arguments>
<msg timestamp="20201218 18:59:00.064" level="INFO"></msg>
<status status="PASS" starttime="20201218 18:59:00.064" endtime="20201218 18:59:00.064"></status>
</kw>
<status status="PASS" starttime="20201218 18:58:58.616" endtime="20201218 18:59:00.064" critical="yes"></status>
</test>
<status status="PASS" starttime="20201218 18:58:57.965" endtime="20201218 18:59:00.070"></status>
</suite>
<statistics>
<total>
<stat pass="2" fail="0">Critical Tests</stat>
<stat pass="2" fail="0">All Tests</stat>
</total>
<tag>
</tag>
<suite>
<stat pass="2" fail="0" id="s1" name="Rf Test Cases">Rf Test Cases</stat>
</suite>
</statistics>
<errors>
</errors>
</robot>
