<?xml version="1.0" encoding="UTF-8"?>
<robot generator="Robot 3.2.2 (Python 3.9.0 on win32)" generated="20201207 14:03:38.722" rpa="false">
<suite id="s1" name="Rf Test Cases" source="C:\Users\oliver.uhlar\Desktop\Projects\plotly_graphs\rf_test_cases.robot">
<test id="s1-t1" name="Graph temperature BB">
<kw name="File Should Not Exist" library="OperatingSystem">
<doc>Fails if the given path points to an existing file.</doc>
<arguments>
<arg>C:\\Users\\oliver.uhlar\\Desktop\\Projects\\plotly_graphs\\temp_lch.html</arg>
</arguments>
<msg timestamp="20201207 14:03:38.807" level="INFO" html="yes">File '&lt;a href="file://C:\Users\oliver.uhlar\Desktop\Projects\plotly_graphs\temp_lch.html"&gt;C:\Users\oliver.uhlar\Desktop\Projects\plotly_graphs\temp_lch.html&lt;/a&gt;' does not exist.</msg>
<status status="PASS" starttime="20201207 14:03:38.806" endtime="20201207 14:03:38.807"></status>
</kw>
<kw name="Run Process" library="Process">
<doc>Runs a process and waits for it to complete.</doc>
<arguments>
<arg>C:\\Users\\oliver.uhlar\\Desktop\\Projects\\plotly_graphs\\venv\\Scripts\\python.exe</arg>
<arg>temperature_lch.py</arg>
<arg>runserver</arg>
</arguments>
<assign>
<var>${result}</var>
</assign>
<msg timestamp="20201207 14:03:38.809" level="INFO">Starting process:
C:\Users\oliver.uhlar\Desktop\Projects\plotly_graphs\venv\Scripts\python.exe temperature_lch.py runserver</msg>
<msg timestamp="20201207 14:03:38.814" level="INFO">Waiting for process to complete.</msg>
<msg timestamp="20201207 14:03:39.197" level="INFO">Process completed.</msg>
<msg timestamp="20201207 14:03:39.198" level="INFO">${result} = &lt;result object with rc 0&gt;</msg>
<status status="PASS" starttime="20201207 14:03:38.808" endtime="20201207 14:03:39.198"></status>
</kw>
<kw name="Should Be Empty" library="BuiltIn">
<doc>Verifies that the given item is empty.</doc>
<arguments>
<arg>${result.stderr}</arg>
<arg>msg=${result.stderr}</arg>
</arguments>
<msg timestamp="20201207 14:03:39.199" level="INFO">Length is 0</msg>
<status status="PASS" starttime="20201207 14:03:39.198" endtime="20201207 14:03:39.199"></status>
</kw>
<kw name="File Should Exist" library="OperatingSystem">
<doc>Fails unless the given ``path`` points to an existing file.</doc>
<arguments>
<arg>C:\\Users\\oliver.uhlar\\Desktop\\Projects\\plotly_graphs\\temp_lch.html</arg>
</arguments>
<msg timestamp="20201207 14:03:39.200" level="INFO" html="yes">File '&lt;a href="file://C:\Users\oliver.uhlar\Desktop\Projects\plotly_graphs\temp_lch.html"&gt;C:\Users\oliver.uhlar\Desktop\Projects\plotly_graphs\temp_lch.html&lt;/a&gt;' exists.</msg>
<status status="PASS" starttime="20201207 14:03:39.200" endtime="20201207 14:03:39.200"></status>
</kw>
<kw name="Log" library="BuiltIn">
<doc>Logs the given message with the given level.</doc>
<arguments>
<arg>${result.stdout}</arg>
</arguments>
<msg timestamp="20201207 14:03:39.201" level="INFO"></msg>
<status status="PASS" starttime="20201207 14:03:39.201" endtime="20201207 14:03:39.201"></status>
</kw>
<status status="PASS" starttime="20201207 14:03:38.805" endtime="20201207 14:03:39.202" critical="yes"></status>
</test>
<test id="s1-t2" name="Graph networkx">
<kw name="File Should Not Exist" library="OperatingSystem">
<doc>Fails if the given path points to an existing file.</doc>
<arguments>
<arg>C:\\Users\\oliver.uhlar\\Desktop\\Projects\\plotly_graphs\\netx_plo.html</arg>
</arguments>
<msg timestamp="20201207 14:03:39.204" level="INFO" html="yes">File '&lt;a href="file://C:\Users\oliver.uhlar\Desktop\Projects\plotly_graphs\netx_plo.html"&gt;C:\Users\oliver.uhlar\Desktop\Projects\plotly_graphs\netx_plo.html&lt;/a&gt;' does not exist.</msg>
<status status="PASS" starttime="20201207 14:03:39.204" endtime="20201207 14:03:39.204"></status>
</kw>
<kw name="Run Process" library="Process">
<doc>Runs a process and waits for it to complete.</doc>
<arguments>
<arg>C:\\Users\\oliver.uhlar\\Desktop\\Projects\\plotly_graphs\\venv\\Scripts\\python.exe</arg>
<arg>networkx_plo.py</arg>
<arg>runserver</arg>
</arguments>
<assign>
<var>${result}</var>
</assign>
<msg timestamp="20201207 14:03:39.204" level="INFO">Starting process:
C:\Users\oliver.uhlar\Desktop\Projects\plotly_graphs\venv\Scripts\python.exe networkx_plo.py runserver</msg>
<msg timestamp="20201207 14:03:39.206" level="INFO">Waiting for process to complete.</msg>
<msg timestamp="20201207 14:03:39.839" level="INFO">Process completed.</msg>
<msg timestamp="20201207 14:03:39.839" level="INFO">${result} = &lt;result object with rc 0&gt;</msg>
<status status="PASS" starttime="20201207 14:03:39.204" endtime="20201207 14:03:39.839"></status>
</kw>
<kw name="Should Be Empty" library="BuiltIn">
<doc>Verifies that the given item is empty.</doc>
<arguments>
<arg>${result.stderr}</arg>
<arg>msg=${result.stderr}</arg>
</arguments>
<msg timestamp="20201207 14:03:39.840" level="INFO">Length is 0</msg>
<status status="PASS" starttime="20201207 14:03:39.840" endtime="20201207 14:03:39.841"></status>
</kw>
<kw name="File Should Exist" library="OperatingSystem">
<doc>Fails unless the given ``path`` points to an existing file.</doc>
<arguments>
<arg>C:\\Users\\oliver.uhlar\\Desktop\\Projects\\plotly_graphs\\netx_plo.html</arg>
</arguments>
<msg timestamp="20201207 14:03:39.841" level="INFO" html="yes">File '&lt;a href="file://C:\Users\oliver.uhlar\Desktop\Projects\plotly_graphs\netx_plo.html"&gt;C:\Users\oliver.uhlar\Desktop\Projects\plotly_graphs\netx_plo.html&lt;/a&gt;' exists.</msg>
<status status="PASS" starttime="20201207 14:03:39.841" endtime="20201207 14:03:39.841"></status>
</kw>
<kw name="Log" library="BuiltIn">
<doc>Logs the given message with the given level.</doc>
<arguments>
<arg>${result.stdout}</arg>
</arguments>
<msg timestamp="20201207 14:03:39.842" level="INFO"></msg>
<status status="PASS" starttime="20201207 14:03:39.842" endtime="20201207 14:03:39.842"></status>
</kw>
<status status="PASS" starttime="20201207 14:03:39.202" endtime="20201207 14:03:39.843" critical="yes"></status>
</test>
<status status="PASS" starttime="20201207 14:03:38.725" endtime="20201207 14:03:39.844"></status>
</suite>
<statistics>
<total>
<stat pass="2" fail="0">Critical Tests</stat>
<stat pass="2" fail="0">All Tests</stat>
</total>
<tag>
</tag>
<suite>
<stat pass="2" fail="0" id="s1" name="Rf Test Cases">Rf Test Cases</stat>
</suite>
</statistics>
<errors>
</errors>
</robot>
